<?xml version="1.0" encoding="UTF-8"?>
<testng-results ignored="0" total="2" passed="2" failed="0" skipped="0">
  <reporter-output>
  </reporter-output>
  <suite started-at="2020-01-15T14:26:38Z" name="Suite" finished-at="2020-01-15T14:27:13Z" duration-ms="35789">
    <groups>
    </groups>
    <test started-at="2020-01-15T14:26:38Z" name="Test" finished-at="2020-01-15T14:27:13Z" duration-ms="35789">
      <class name="visualtesting.VisualTesting1">
        <test-method is-config="true" signature="beforeTest()[pri:0, instance:visualtesting.VisualTesting1@6a01e23]" started-at="2020-01-15T14:26:38Z" name="beforeTest" finished-at="2020-01-15T14:27:13Z" duration-ms="35759" status="PASS">
          <reporter-output>
          </reporter-output>
        </test-method> <!-- beforeTest -->
        <test-method signature="partialImageComparison()[pri:0, instance:visualtesting.VisualTesting1@6a01e23]" started-at="2020-01-15T14:27:13Z" name="partialImageComparison" finished-at="2020-01-15T14:27:13Z" duration-ms="11" status="PASS">
          <reporter-output>
          </reporter-output>
        </test-method> <!-- partialImageComparison -->
        <test-method signature="wholeImageComparison()[pri:0, instance:visualtesting.VisualTesting1@6a01e23]" started-at="2020-01-15T14:27:13Z" name="wholeImageComparison" finished-at="2020-01-15T14:27:13Z" duration-ms="3" status="PASS">
          <reporter-output>
          </reporter-output>
        </test-method> <!-- wholeImageComparison -->
      </class> <!-- visualtesting.VisualTesting1 -->
    </test> <!-- Test -->
  </suite> <!-- Suite -->
</testng-results>
